<?xml version="1.0" encoding="UTF-8"?>
<testng-results ignored="0" total="1" passed="1" failed="0" skipped="0">
  <reporter-output>
  </reporter-output>
  <suite started-at="2024-10-15T11:08:27 PDT" name="Surefire suite" finished-at="2024-10-15T11:09:26 PDT" duration-ms="59568">
    <groups>
    </groups>
    <test started-at="2024-10-15T11:08:27 PDT" name="Surefire test" finished-at="2024-10-15T11:09:26 PDT" duration-ms="59568">
      <class name="com.herokuapp.theinternet.PositiveTest">
        <test-method signature="loginTest()[pri:0, instance:com.herokuapp.theinternet.PositiveTest@ec756bd]" started-at="2024-10-15T11:08:27 PDT" name="loginTest" finished-at="2024-10-15T11:09:26 PDT" duration-ms="59513" status="PASS">
          <reporter-output>
          </reporter-output>
        </test-method> <!-- loginTest -->
      </class> <!-- com.herokuapp.theinternet.PositiveTest -->
    </test> <!-- Surefire test -->
  </suite> <!-- Surefire suite -->
</testng-results>
